mode: atomic
icapeg/icap/bridge.go:22.50,24.2 1 0
icapeg/icap/bridge.go:26.64,27.20 1 0
icapeg/icap/bridge.go:31.2,31.23 1 0
icapeg/icap/bridge.go:27.20,29.3 1 0
icapeg/icap/bridge.go:34.51,35.19 1 0
icapeg/icap/bridge.go:40.2,43.40 2 0
icapeg/icap/bridge.go:47.2,47.36 1 0
icapeg/icap/bridge.go:51.2,55.36 4 0
icapeg/icap/bridge.go:35.19,38.3 2 0
icapeg/icap/bridge.go:43.40,45.3 1 0
icapeg/icap/bridge.go:47.36,49.3 1 0
icapeg/icap/bridge.go:59.69,65.2 4 0
icapeg/icap/bridge.go:68.51,71.2 2 0
icapeg/icap/bridge.go:74.80,77.2 2 0
icapeg/icap/chunked.go:27.46,29.9 2 0
icapeg/icap/chunked.go:32.2,32.30 1 0
icapeg/icap/chunked.go:29.9,31.3 1 0
icapeg/icap/chunked.go:42.39,46.19 3 0
icapeg/icap/chunked.go:49.2,50.19 2 0
icapeg/icap/chunked.go:53.2,53.15 1 0
icapeg/icap/chunked.go:46.19,48.3 1 0
icapeg/icap/chunked.go:50.19,52.3 1 0
icapeg/icap/chunked.go:53.15,55.3 1 0
icapeg/icap/chunked.go:58.61,59.19 1 0
icapeg/icap/chunked.go:62.2,62.15 1 0
icapeg/icap/chunked.go:68.2,68.27 1 0
icapeg/icap/chunked.go:71.2,73.32 3 0
icapeg/icap/chunked.go:81.2,81.18 1 0
icapeg/icap/chunked.go:59.19,61.3 1 0
icapeg/icap/chunked.go:62.15,64.20 2 0
icapeg/icap/chunked.go:64.20,66.4 1 0
icapeg/icap/chunked.go:68.27,70.3 1 0
icapeg/icap/chunked.go:73.32,75.62 1 0
icapeg/icap/chunked.go:75.62,76.46 1 0
icapeg/icap/chunked.go:76.46,78.5 1 0
icapeg/icap/chunked.go:88.54,89.44 1 0
icapeg/icap/chunked.go:99.2,99.29 1 0
icapeg/icap/chunked.go:102.2,102.39 1 0
icapeg/icap/chunked.go:89.44,92.20 1 0
icapeg/icap/chunked.go:97.3,97.18 1 0
icapeg/icap/chunked.go:92.20,94.4 1 0
icapeg/icap/chunked.go:94.9,94.40 1 0
icapeg/icap/chunked.go:94.40,96.4 1 0
icapeg/icap/chunked.go:99.29,101.3 1 0
icapeg/icap/chunked.go:105.46,106.46 1 0
icapeg/icap/chunked.go:109.2,109.10 1 0
icapeg/icap/chunked.go:106.46,108.3 1 0
icapeg/icap/chunked.go:112.32,114.2 1 0
icapeg/icap/chunked.go:125.51,127.2 1 0
icapeg/icap/chunked.go:138.64,141.20 1 0
icapeg/icap/chunked.go:145.2,145.68 1 0
icapeg/icap/chunked.go:148.2,148.46 1 0
icapeg/icap/chunked.go:151.2,151.20 1 0
icapeg/icap/chunked.go:155.2,157.8 2 0
icapeg/icap/chunked.go:141.20,143.3 1 0
icapeg/icap/chunked.go:145.68,147.3 1 0
icapeg/icap/chunked.go:148.46,150.3 1 0
icapeg/icap/chunked.go:151.20,154.3 2 0
icapeg/icap/chunked.go:160.40,163.2 2 0
icapeg/icap/chunked.go:165.51,166.22 1 0
icapeg/icap/chunked.go:180.2,180.8 1 0
icapeg/icap/chunked.go:166.22,168.10 2 0
icapeg/icap/chunked.go:178.3,178.17 1 0
icapeg/icap/chunked.go:169.29,170.15 1 0
icapeg/icap/chunked.go:171.29,172.20 1 0
icapeg/icap/chunked.go:173.29,174.20 1 0
icapeg/icap/chunked.go:175.11,176.57 1 0
icapeg/icap/mux.go:25.30,25.76 1 1
icapeg/icap/mux.go:31.43,32.23 1 0
icapeg/icap/mux.go:36.2,37.25 2 0
icapeg/icap/mux.go:40.2,40.47 1 0
icapeg/icap/mux.go:32.23,35.3 1 0
icapeg/icap/mux.go:37.25,39.3 1 0
icapeg/icap/mux.go:44.33,45.13 1 0
icapeg/icap/mux.go:48.2,48.17 1 0
icapeg/icap/mux.go:51.2,54.37 2 0
icapeg/icap/mux.go:57.2,57.11 1 0
icapeg/icap/mux.go:45.13,47.3 1 0
icapeg/icap/mux.go:48.17,50.3 1 0
icapeg/icap/mux.go:54.37,56.3 1 0
icapeg/icap/mux.go:62.49,65.26 3 0
icapeg/icap/mux.go:74.2,74.10 1 0
icapeg/icap/mux.go:65.26,66.26 1 0
icapeg/icap/mux.go:69.3,69.29 1 0
icapeg/icap/mux.go:66.26,67.12 1 0
icapeg/icap/mux.go:69.29,72.4 2 0
icapeg/icap/mux.go:79.62,81.49 1 0
icapeg/icap/mux.go:87.2,88.14 2 0
icapeg/icap/mux.go:91.2,91.14 1 0
icapeg/icap/mux.go:94.2,94.19 1 0
icapeg/icap/mux.go:81.49,85.3 3 0
icapeg/icap/mux.go:88.14,90.3 1 0
icapeg/icap/mux.go:91.14,93.3 1 0
icapeg/icap/mux.go:98.62,99.19 1 0
icapeg/icap/mux.go:103.2,108.34 3 0
icapeg/icap/mux.go:99.19,100.44 1 0
icapeg/icap/mux.go:108.34,110.3 1 0
icapeg/icap/mux.go:114.89,116.2 1 0
icapeg/icap/mux.go:121.46,121.90 1 0
icapeg/icap/mux.go:126.73,128.2 1 0
icapeg/icap/mux.go:131.45,133.2 1 0
icapeg/icap/mux.go:137.32,137.64 1 0
icapeg/icap/mux.go:145.68,147.2 1 0
icapeg/icap/mux.go:152.60,154.2 1 0
icapeg/icap/mux.go:158.75,159.50 1 0
icapeg/icap/mux.go:191.2,192.33 2 0
icapeg/icap/mux.go:159.50,165.20 2 0
icapeg/icap/mux.go:168.3,168.21 1 0
icapeg/icap/mux.go:165.20,167.4 1 0
icapeg/icap/mux.go:168.21,170.50 1 0
icapeg/icap/mux.go:176.4,177.53 2 0
icapeg/icap/mux.go:182.4,184.58 3 0
icapeg/icap/mux.go:187.4,187.24 1 0
icapeg/icap/mux.go:170.50,174.5 2 0
icapeg/icap/mux.go:177.53,179.5 1 0
icapeg/icap/mux.go:184.58,186.5 1 0
icapeg/icap/request.go:28.41,28.87 1 0
icapeg/icap/request.go:51.65,58.16 5 0
icapeg/icap/request.go:65.2,66.16 2 0
icapeg/icap/request.go:69.2,72.16 3 0
icapeg/icap/request.go:76.2,77.16 2 0
icapeg/icap/request.go:81.2,82.13 2 0
icapeg/icap/request.go:85.2,90.29 6 0
icapeg/icap/request.go:126.2,127.23 2 0
icapeg/icap/request.go:134.2,134.19 1 0
icapeg/icap/request.go:141.2,141.20 1 0
icapeg/icap/request.go:149.2,150.13 2 0
icapeg/icap/request.go:174.2,174.22 1 0
icapeg/icap/request.go:206.2,206.23 1 0
icapeg/icap/request.go:223.2,223.8 1 0
icapeg/icap/request.go:58.16,59.20 1 0
icapeg/icap/request.go:62.3,62.18 1 0
icapeg/icap/request.go:59.20,61.4 1 0
icapeg/icap/request.go:66.16,68.3 1 0
icapeg/icap/request.go:72.16,74.3 1 0
icapeg/icap/request.go:77.16,79.3 1 0
icapeg/icap/request.go:82.13,84.3 1 0
icapeg/icap/request.go:90.29,92.15 2 0
icapeg/icap/request.go:95.3,97.17 3 0
icapeg/icap/request.go:102.3,102.18 1 0
icapeg/icap/request.go:113.3,113.14 1 0
icapeg/icap/request.go:121.3,122.16 2 0
icapeg/icap/request.go:92.15,94.4 1 0
icapeg/icap/request.go:97.17,99.4 1 0
icapeg/icap/request.go:103.11,104.25 1 0
icapeg/icap/request.go:105.18,106.33 1 0
icapeg/icap/request.go:107.18,108.34 1 0
icapeg/icap/request.go:109.56,110.66 1 0
icapeg/icap/request.go:114.42,114.42 0 0
icapeg/icap/request.go:115.43,116.18 1 0
icapeg/icap/request.go:117.11,118.76 1 0
icapeg/icap/request.go:127.23,130.17 3 0
icapeg/icap/request.go:130.17,132.4 1 0
icapeg/icap/request.go:134.19,137.17 3 0
icapeg/icap/request.go:137.17,139.4 1 0
icapeg/icap/request.go:141.20,144.17 3 0
icapeg/icap/request.go:144.17,146.4 1 0
icapeg/icap/request.go:150.13,151.46 1 0
icapeg/icap/request.go:151.46,157.18 5 0
icapeg/icap/request.go:166.4,167.36 2 0
icapeg/icap/request.go:157.18,158.46 1 0
icapeg/icap/request.go:158.46,162.6 2 0
icapeg/icap/request.go:162.11,164.6 1 0
icapeg/icap/request.go:168.9,170.4 1 0
icapeg/icap/request.go:174.22,177.72 3 0
icapeg/icap/request.go:194.3,194.43 1 0
icapeg/icap/request.go:198.3,198.29 1 0
icapeg/icap/request.go:177.72,189.18 6 0
icapeg/icap/request.go:192.4,192.32 1 0
icapeg/icap/request.go:189.18,191.5 1 0
icapeg/icap/request.go:194.43,196.4 1 0
icapeg/icap/request.go:198.29,200.4 1 0
icapeg/icap/request.go:200.9,202.4 1 0
icapeg/icap/request.go:206.23,208.21 2 0
icapeg/icap/request.go:211.3,212.17 2 0
icapeg/icap/request.go:216.3,216.30 1 0
icapeg/icap/request.go:208.21,210.4 1 0
icapeg/icap/request.go:212.17,214.4 1 0
icapeg/icap/request.go:216.30,218.4 1 0
icapeg/icap/request.go:218.9,220.4 1 0
icapeg/icap/request.go:229.54,231.2 1 0
icapeg/icap/request.go:233.34,235.2 1 0
icapeg/icap/request.go:244.60,245.17 1 0
icapeg/icap/request.go:257.2,257.21 1 0
icapeg/icap/request.go:245.17,247.17 2 0
icapeg/icap/request.go:250.3,251.17 2 0
icapeg/icap/request.go:254.3,254.33 1 0
icapeg/icap/request.go:247.17,249.4 1 0
icapeg/icap/request.go:251.17,253.4 1 0
icapeg/icap/request.go:260.29,262.2 1 0
icapeg/icap/response.go:54.43,56.2 1 0
icapeg/icap/response.go:58.57,59.20 1 0
icapeg/icap/response.go:63.2,63.17 1 0
icapeg/icap/response.go:66.2,66.22 1 0
icapeg/icap/response.go:59.20,61.3 1 0
icapeg/icap/response.go:63.17,65.3 1 0
icapeg/icap/response.go:69.41,73.2 3 0
icapeg/icap/response.go:75.83,76.19 1 0
icapeg/icap/response.go:82.2,86.35 4 0
icapeg/icap/response.go:110.2,110.17 1 0
icapeg/icap/response.go:122.2,123.36 2 0
icapeg/icap/response.go:129.2,131.18 3 0
icapeg/icap/response.go:134.2,138.19 4 0
icapeg/icap/response.go:142.2,143.13 2 0
icapeg/icap/response.go:146.2,146.13 1 0
icapeg/icap/response.go:76.19,79.3 2 0
icapeg/icap/response.go:87.21,89.17 2 0
icapeg/icap/response.go:92.3,92.14 1 0
icapeg/icap/response.go:98.22,100.17 2 0
icapeg/icap/response.go:103.3,103.14 1 0
icapeg/icap/response.go:89.17,90.9 1 0
icapeg/icap/response.go:92.14,94.4 1 0
icapeg/icap/response.go:94.9,96.4 1 0
icapeg/icap/response.go:100.17,101.9 1 0
icapeg/icap/response.go:103.14,105.4 1 0
icapeg/icap/response.go:105.9,107.4 1 0
icapeg/icap/response.go:110.17,111.14 1 0
icapeg/icap/response.go:111.14,113.23 2 0
icapeg/icap/response.go:116.4,117.44 2 0
icapeg/icap/response.go:113.23,115.5 1 0
icapeg/icap/response.go:118.9,120.4 1 0
icapeg/icap/response.go:123.36,125.3 1 0
icapeg/icap/response.go:131.18,133.3 1 0
icapeg/icap/response.go:138.19,140.3 1 0
icapeg/icap/response.go:143.13,145.3 1 0
icapeg/icap/response.go:146.13,147.36 1 0
icapeg/icap/response.go:148.23,150.24 2 0
icapeg/icap/response.go:151.22,153.24 2 0
icapeg/icap/response.go:160.38,161.20 1 0
icapeg/icap/response.go:165.2,165.32 1 0
icapeg/icap/response.go:171.2,171.20 1 0
icapeg/icap/response.go:161.20,163.3 1 0
icapeg/icap/response.go:165.32,169.3 3 0
icapeg/icap/response.go:205.67,207.21 2 0
icapeg/icap/response.go:210.2,211.16 2 0
icapeg/icap/response.go:214.2,214.67 1 0
icapeg/icap/response.go:228.2,229.16 2 0
icapeg/icap/response.go:232.2,232.25 1 0
icapeg/icap/response.go:207.21,209.3 1 0
icapeg/icap/response.go:211.16,213.3 1 0
icapeg/icap/response.go:214.67,216.17 2 0
icapeg/icap/response.go:216.17,218.4 1 0
icapeg/icap/response.go:219.8,224.17 2 0
icapeg/icap/response.go:224.17,226.4 1 0
icapeg/icap/response.go:229.16,231.3 1 0
icapeg/icap/response.go:237.70,241.16 3 0
icapeg/icap/response.go:247.2,248.17 2 0
icapeg/icap/response.go:251.2,252.16 2 0
icapeg/icap/response.go:255.2,255.68 1 0
icapeg/icap/response.go:266.2,267.16 2 0
icapeg/icap/response.go:270.2,270.25 1 0
icapeg/icap/response.go:241.16,243.17 2 0
icapeg/icap/response.go:243.17,245.4 1 0
icapeg/icap/response.go:248.17,250.3 1 0
icapeg/icap/response.go:252.16,254.3 1 0
icapeg/icap/response.go:255.68,257.17 2 0
icapeg/icap/response.go:257.17,259.4 1 0
icapeg/icap/response.go:260.8,262.17 2 0
icapeg/icap/response.go:262.17,264.4 1 0
icapeg/icap/response.go:267.16,269.3 1 0
icapeg/icap/response.go:274.47,275.17 1 0
icapeg/icap/response.go:278.2,278.12 1 0
icapeg/icap/response.go:275.17,277.3 1 0
icapeg/icap/server.go:38.62,40.2 1 0
icapeg/icap/server.go:51.66,61.2 8 0
icapeg/icap/server.go:64.57,66.47 2 0
icapeg/icap/server.go:70.2,70.16 1 0
icapeg/icap/server.go:76.2,80.15 5 0
icapeg/icap/server.go:66.47,69.3 1 0
icapeg/icap/server.go:70.16,72.3 1 0
icapeg/icap/server.go:72.8,74.3 1 0
icapeg/icap/server.go:84.24,85.18 1 0
icapeg/icap/server.go:89.2,89.18 1 0
icapeg/icap/server.go:85.18,88.3 2 0
icapeg/icap/server.go:89.18,92.3 2 0
icapeg/icap/server.go:96.38,97.15 1 0
icapeg/icap/server.go:110.2,110.6 1 0
icapeg/icap/server.go:131.2,131.11 1 0
icapeg/icap/server.go:97.15,100.17 2 0
icapeg/icap/server.go:104.3,107.26 4 0
icapeg/icap/server.go:100.17,102.4 1 0
icapeg/icap/server.go:110.6,114.15 3 0
icapeg/icap/server.go:119.3,119.17 1 0
icapeg/icap/server.go:127.3,128.20 2 0
icapeg/icap/server.go:114.15,117.9 2 0
icapeg/icap/server.go:119.17,123.9 3 0
icapeg/icap/server.go:146.43,148.16 2 0
icapeg/icap/server.go:151.2,152.16 2 0
icapeg/icap/server.go:155.2,155.21 1 0
icapeg/icap/server.go:148.16,150.3 1 0
icapeg/icap/server.go:152.16,154.3 1 0
icapeg/icap/server.go:159.62,162.16 2 0
icapeg/icap/server.go:165.2,166.16 2 0
icapeg/icap/server.go:170.2,172.16 3 0
icapeg/icap/server.go:175.2,175.21 1 0
icapeg/icap/server.go:162.16,164.3 1 0
icapeg/icap/server.go:166.16,168.3 1 0
icapeg/icap/server.go:172.16,174.3 1 0
icapeg/icap/server.go:181.48,184.20 3 0
icapeg/icap/server.go:188.2,188.6 1 0
icapeg/icap/server.go:210.2,210.34 1 0
icapeg/icap/server.go:184.20,186.3 1 0
icapeg/icap/server.go:188.6,190.17 2 0
icapeg/icap/server.go:197.3,197.27 1 0
icapeg/icap/server.go:200.3,200.28 1 0
icapeg/icap/server.go:203.3,204.17 2 0
icapeg/icap/server.go:207.3,207.29 1 0
icapeg/icap/server.go:190.17,191.55 1 0
icapeg/icap/server.go:195.4,195.14 1 0
icapeg/icap/server.go:191.55,193.13 2 0
icapeg/icap/server.go:197.27,199.4 1 0
icapeg/icap/server.go:200.28,202.4 1 0
icapeg/icap/server.go:204.17,205.12 1 0
icapeg/icap/server.go:216.51,219.2 2 0
icapeg/icap/server.go:224.57,227.2 2 0
icapeg/icap/server.go:230.71,233.2 2 0
icapeg/icap/status.go:28.34,30.8 2 3
icapeg/icap/status.go:33.2,33.30 1 2
icapeg/icap/status.go:30.8,32.3 1 1
icapeg/icap-client/debug.go:23.31,26.11 2 0
icapeg/icap-client/debug.go:26.11,30.3 2 0
icapeg/icap-client/debug.go:34.34,37.2 2 0
icapeg/icap-client/debug.go:39.33,40.11 1 0
icapeg/icap-client/debug.go:40.11,42.3 1 0
icapeg/icap-client/debug.go:45.44,46.11 1 0
icapeg/icap-client/debug.go:46.11,48.3 1 0
icapeg/icap-client/debug.go:51.34,52.11 1 0
icapeg/icap-client/debug.go:52.11,54.3 1 0
icapeg/icap-client/header.go:12.50,20.30 3 4
icapeg/icap-client/header.go:36.2,36.31 1 4
icapeg/icap-client/header.go:53.2,55.22 2 4
icapeg/icap-client/header.go:59.2,59.29 1 4
icapeg/icap-client/header.go:67.2,67.30 1 4
icapeg/icap-client/header.go:71.2,71.31 1 4
icapeg/icap-client/header.go:77.2,81.12 4 4
icapeg/icap-client/header.go:20.30,21.27 1 2
icapeg/icap-client/header.go:24.3,24.32 1 2
icapeg/icap-client/header.go:21.27,23.4 1 0
icapeg/icap-client/header.go:24.32,28.18 3 2
icapeg/icap-client/header.go:32.4,32.36 1 2
icapeg/icap-client/header.go:28.18,30.5 1 0
icapeg/icap-client/header.go:36.31,37.28 1 2
icapeg/icap-client/header.go:41.3,41.33 1 2
icapeg/icap-client/header.go:37.28,39.4 1 0
icapeg/icap-client/header.go:41.33,45.18 3 2
icapeg/icap-client/header.go:49.4,49.37 1 2
icapeg/icap-client/header.go:45.18,47.5 1 0
icapeg/icap-client/header.go:55.22,57.3 1 4
icapeg/icap-client/header.go:59.29,63.3 3 2
icapeg/icap-client/header.go:67.30,69.3 1 2
icapeg/icap-client/header.go:71.31,73.3 1 2
icapeg/icap-client/header.go:86.46,87.45 1 3
icapeg/icap-client/header.go:90.2,90.44 1 3
icapeg/icap-client/header.go:87.45,89.3 1 3
icapeg/icap-client/header.go:90.44,93.3 2 2
icapeg/icap-client/header.go:97.55,98.34 1 2
icapeg/icap-client/header.go:123.2,123.12 1 2
icapeg/icap-client/header.go:98.34,100.46 1 6
icapeg/icap-client/header.go:104.3,104.35 1 6
icapeg/icap-client/header.go:108.3,108.32 1 6
icapeg/icap-client/header.go:100.46,101.12 1 0
icapeg/icap-client/header.go:104.35,105.12 1 0
icapeg/icap-client/header.go:108.32,109.31 1 8
icapeg/icap-client/header.go:119.4,119.31 1 8
icapeg/icap-client/header.go:109.31,111.19 2 0
icapeg/icap-client/header.go:114.5,114.44 1 0
icapeg/icap-client/header.go:117.5,117.13 1 0
icapeg/icap-client/header.go:111.19,113.6 1 0
icapeg/icap-client/header.go:114.44,116.6 1 0
icapeg/icap-client/validate.go:10.47,11.61 1 21
icapeg/icap-client/validate.go:15.2,15.18 1 20
icapeg/icap-client/validate.go:11.61,13.3 1 1
icapeg/icap-client/validate.go:19.43,21.30 1 20
icapeg/icap-client/validate.go:25.2,25.20 1 19
icapeg/icap-client/validate.go:29.2,29.18 1 18
icapeg/icap-client/validate.go:21.30,23.3 1 1
icapeg/icap-client/validate.go:25.20,27.3 1 1
icapeg/icap-client/validate.go:33.103,34.46 1 18
icapeg/icap-client/validate.go:37.2,37.47 1 17
icapeg/icap-client/validate.go:40.2,40.48 1 16
icapeg/icap-client/validate.go:44.2,44.18 1 15
icapeg/icap-client/validate.go:34.46,36.3 1 1
icapeg/icap-client/validate.go:37.47,39.3 1 1
icapeg/icap-client/validate.go:40.48,42.3 1 1
icapeg/icap-client/validate.go:48.36,50.49 1 21
icapeg/icap-client/validate.go:54.2,54.43 1 20
icapeg/icap-client/validate.go:58.2,58.88 1 18
icapeg/icap-client/validate.go:62.2,62.12 1 15
icapeg/icap-client/validate.go:50.49,52.3 1 1
icapeg/icap-client/validate.go:54.43,56.3 1 2
icapeg/icap-client/validate.go:58.88,60.3 1 3
icapeg/icap-client/client.go:16.54,18.25 1 0
icapeg/icap-client/client.go:27.2,29.20 2 0
icapeg/icap-client/client.go:39.2,48.16 6 0
icapeg/icap-client/client.go:52.2,52.45 1 0
icapeg/icap-client/client.go:56.2,58.16 2 0
icapeg/icap-client/client.go:62.2,62.90 1 0
icapeg/icap-client/client.go:67.2,67.18 1 0
icapeg/icap-client/client.go:18.25,21.17 2 0
icapeg/icap-client/client.go:24.3,24.53 1 0
icapeg/icap-client/client.go:21.17,23.4 1 0
icapeg/icap-client/client.go:29.20,30.67 1 0
icapeg/icap-client/client.go:30.67,32.4 1 0
icapeg/icap-client/client.go:33.8,34.48 1 0
icapeg/icap-client/client.go:34.48,36.4 1 0
icapeg/icap-client/client.go:48.16,50.3 1 0
icapeg/icap-client/client.go:52.45,54.3 1 0
icapeg/icap-client/client.go:58.16,60.3 1 0
icapeg/icap-client/client.go:62.90,65.3 2 0
icapeg/icap-client/client.go:71.63,75.39 2 0
icapeg/icap-client/client.go:81.2,81.48 1 0
icapeg/icap-client/client.go:85.2,87.16 2 0
icapeg/icap-client/client.go:91.2,91.18 1 0
icapeg/icap-client/client.go:75.39,79.3 3 0
icapeg/icap-client/client.go:81.48,83.3 1 0
icapeg/icap-client/client.go:87.16,89.3 1 0
icapeg/icap-client/client.go:95.39,97.2 1 0
icapeg/icap-client/client.go:99.39,100.20 1 0
icapeg/icap-client/client.go:104.2,104.37 1 0
icapeg/icap-client/client.go:108.2,108.35 1 0
icapeg/icap-client/client.go:112.2,112.36 1 0
icapeg/icap-client/client.go:100.20,102.3 1 0
icapeg/icap-client/client.go:104.37,106.3 1 0
icapeg/icap-client/client.go:108.35,110.3 1 0
icapeg/icap-client/client.go:112.36,114.3 1 0
icapeg/icap-client/parser.go:11.64,15.16 2 0
icapeg/icap-client/parser.go:19.2,21.32 2 0
icapeg/icap-client/parser.go:15.16,17.3 1 0
icapeg/icap-client/parser.go:25.48,31.26 4 0
icapeg/icap-client/parser.go:35.2,35.20 1 0
icapeg/icap-client/parser.go:31.26,33.3 1 0
icapeg/icap-client/parser.go:40.37,42.2 1 0
icapeg/icap-client/parser.go:45.85,48.51 2 11
icapeg/icap-client/parser.go:56.2,56.99 1 11
icapeg/icap-client/parser.go:88.2,88.49 1 11
icapeg/icap-client/parser.go:48.51,49.44 1 3
icapeg/icap-client/parser.go:49.44,51.4 1 2
icapeg/icap-client/parser.go:51.9,53.4 1 1
icapeg/icap-client/parser.go:56.99,61.24 4 8
icapeg/icap-client/parser.go:75.3,77.25 2 8
icapeg/icap-client/parser.go:61.24,64.27 3 8
icapeg/icap-client/parser.go:70.4,70.25 1 8
icapeg/icap-client/parser.go:64.27,67.5 2 5
icapeg/icap-client/parser.go:67.10,67.32 1 3
icapeg/icap-client/parser.go:67.32,69.5 1 2
icapeg/icap-client/parser.go:70.25,72.5 1 4
icapeg/icap-client/parser.go:77.25,79.28 2 4
icapeg/icap-client/parser.go:79.28,81.5 1 3
icapeg/icap-client/parser.go:81.10,83.5 1 1
icapeg/icap-client/parser.go:92.67,93.15 1 3
icapeg/icap-client/parser.go:96.2,96.43 1 3
icapeg/icap-client/parser.go:93.15,95.3 1 3
icapeg/icap-client/parser.go:100.49,103.2 2 0
icapeg/icap-client/parser.go:106.60,109.32 2 8
icapeg/icap-client/parser.go:113.2,116.33 3 6
icapeg/icap-client/parser.go:109.32,111.3 1 2
icapeg/icap-client/parser.go:120.42,123.9 2 3
icapeg/icap-client/parser.go:127.2,128.31 2 2
icapeg/icap-client/parser.go:123.9,125.3 1 1
icapeg/icap-client/parser.go:133.49,137.9 2 2
icapeg/icap-client/parser.go:141.2,143.41 2 2
icapeg/icap-client/parser.go:137.9,139.3 1 0
icapeg/icap-client/parser.go:151.48,156.2 2 4
icapeg/icap-client/parser.go:159.65,161.2 1 2
icapeg/icap-client/parser.go:163.54,167.40 2 0
icapeg/icap-client/parser.go:176.2,178.17 2 0
icapeg/icap-client/parser.go:167.40,169.25 2 0
icapeg/icap-client/parser.go:173.3,173.108 1 0
icapeg/icap-client/parser.go:169.25,171.4 1 0
icapeg/icap-client/request.go:28.106,34.16 3 21
icapeg/icap-client/request.go:38.2,46.39 2 21
icapeg/icap-client/request.go:50.2,50.17 1 15
icapeg/icap-client/request.go:34.16,36.3 1 0
icapeg/icap-client/request.go:46.39,48.3 1 6
icapeg/icap-client/request.go:55.48,61.43 2 4
icapeg/icap-client/request.go:67.2,73.28 4 4
icapeg/icap-client/request.go:108.2,109.29 2 4
icapeg/icap-client/request.go:136.2,136.66 1 4
icapeg/icap-client/request.go:144.2,144.68 1 4
icapeg/icap-client/request.go:148.2,148.77 1 4
icapeg/icap-client/request.go:152.2,154.18 2 4
icapeg/icap-client/request.go:61.43,62.28 1 0
icapeg/icap-client/request.go:62.28,64.4 1 0
icapeg/icap-client/request.go:73.28,76.17 2 3
icapeg/icap-client/request.go:80.3,83.33 3 3
icapeg/icap-client/request.go:98.3,98.23 1 3
icapeg/icap-client/request.go:76.17,78.4 1 0
icapeg/icap-client/request.go:83.33,84.22 1 2
icapeg/icap-client/request.go:88.4,88.39 1 2
icapeg/icap-client/request.go:84.22,86.5 1 0
icapeg/icap-client/request.go:88.39,90.11 2 2
icapeg/icap-client/request.go:90.11,93.6 2 1
icapeg/icap-client/request.go:98.23,99.51 1 3
icapeg/icap-client/request.go:99.51,101.5 1 3
icapeg/icap-client/request.go:109.29,112.17 2 1
icapeg/icap-client/request.go:116.3,118.21 2 1
icapeg/icap-client/request.go:122.3,122.39 1 1
icapeg/icap-client/request.go:130.3,130.71 1 1
icapeg/icap-client/request.go:112.17,114.4 1 0
icapeg/icap-client/request.go:118.21,120.4 1 0
icapeg/icap-client/request.go:122.39,124.10 2 1
icapeg/icap-client/request.go:124.10,127.5 2 1
icapeg/icap-client/request.go:130.71,132.4 1 1
icapeg/icap-client/request.go:136.66,138.3 1 0
icapeg/icap-client/request.go:138.8,141.3 1 4
icapeg/icap-client/request.go:144.68,146.3 1 0
icapeg/icap-client/request.go:148.77,150.3 1 0
icapeg/icap-client/request.go:158.51,160.2 1 0
icapeg/icap-client/response.go:39.55,47.114 4 0
icapeg/icap-client/response.go:121.2,121.18 1 0
icapeg/icap-client/response.go:47.114,49.32 1 0
icapeg/icap-client/response.go:80.3,80.27 1 0
icapeg/icap-client/response.go:92.3,92.30 1 0
icapeg/icap-client/response.go:105.3,105.31 1 0
icapeg/icap-client/response.go:49.32,52.19 2 0
icapeg/icap-client/response.go:58.4,58.28 1 0
icapeg/icap-client/response.go:67.4,67.28 1 0
icapeg/icap-client/response.go:72.4,72.47 1 0
icapeg/icap-client/response.go:52.19,54.5 1 0
icapeg/icap-client/response.go:58.28,61.19 3 0
icapeg/icap-client/response.go:64.5,64.13 1 0
icapeg/icap-client/response.go:61.19,63.6 1 0
icapeg/icap-client/response.go:67.28,70.5 2 0
icapeg/icap-client/response.go:72.47,75.5 2 0
icapeg/icap-client/response.go:80.27,81.46 1 0
icapeg/icap-client/response.go:84.4,85.31 2 0
icapeg/icap-client/response.go:89.4,89.32 1 0
icapeg/icap-client/response.go:81.46,82.13 1 0
icapeg/icap-client/response.go:85.31,88.5 2 0
icapeg/icap-client/response.go:92.30,95.41 3 0
icapeg/icap-client/response.go:95.41,98.19 3 0
icapeg/icap-client/response.go:101.5,101.13 1 0
icapeg/icap-client/response.go:98.19,100.6 1 0
icapeg/icap-client/response.go:105.31,108.41 3 0
icapeg/icap-client/response.go:108.41,111.19 3 0
icapeg/icap-client/response.go:114.5,114.13 1 0
icapeg/icap-client/response.go:111.19,113.6 1 0
icapeg/icap-client/test_server.go:33.24,41.12 5 0
icapeg/icap-client/test_server.go:48.2,53.47 4 0
icapeg/icap-client/test_server.go:41.12,42.76 1 0
icapeg/icap-client/test_server.go:42.76,45.4 2 0
icapeg/icap-client/test_server.go:56.23,58.2 1 0
icapeg/icap-client/test_server.go:60.63,65.20 4 0
icapeg/icap-client/test_server.go:66.17,69.23 3 0
icapeg/icap-client/test_server.go:72.3,73.43 2 0
icapeg/icap-client/test_server.go:74.17,77.85 2 0
icapeg/icap-client/test_server.go:84.3,86.60 2 0
icapeg/icap-client/test_server.go:92.3,93.56 2 0
icapeg/icap-client/test_server.go:97.3,97.55 1 0
icapeg/icap-client/test_server.go:101.3,101.36 1 0
icapeg/icap-client/test_server.go:69.23,71.4 1 0
icapeg/icap-client/test_server.go:77.85,80.4 2 0
icapeg/icap-client/test_server.go:86.60,90.4 3 0
icapeg/icap-client/test_server.go:93.56,95.4 1 0
icapeg/icap-client/test_server.go:97.55,99.4 1 0
icapeg/icap-client/test_server.go:106.62,111.20 4 0
icapeg/icap-client/test_server.go:112.17,115.23 3 0
icapeg/icap-client/test_server.go:118.3,119.43 2 0
icapeg/icap-client/test_server.go:120.16,122.85 1 0
icapeg/icap-client/test_server.go:129.3,132.25 3 0
icapeg/icap-client/test_server.go:136.3,136.24 1 0
icapeg/icap-client/test_server.go:140.3,140.36 1 0
icapeg/icap-client/test_server.go:115.23,117.4 1 0
icapeg/icap-client/test_server.go:122.85,125.4 2 0
icapeg/icap-client/test_server.go:132.25,134.4 1 0
icapeg/icap-client/test_server.go:136.24,138.4 1 0
icapeg/icap-client/test_server.go:145.31,147.16 2 0
icapeg/icap-client/test_server.go:150.2,151.14 2 0
icapeg/icap-client/test_server.go:147.16,149.3 1 0
icapeg/icap-client/transport.go:22.34,25.16 2 0
icapeg/icap-client/transport.go:29.2,29.82 1 0
icapeg/icap-client/transport.go:33.2,33.84 1 0
icapeg/icap-client/transport.go:37.2,39.12 2 0
icapeg/icap-client/transport.go:25.16,27.3 1 0
icapeg/icap-client/transport.go:29.82,31.3 1 0
icapeg/icap-client/transport.go:33.84,35.3 1 0
icapeg/icap-client/transport.go:43.64,48.16 2 0
icapeg/icap-client/transport.go:52.2,52.82 1 0
icapeg/icap-client/transport.go:56.2,56.84 1 0
icapeg/icap-client/transport.go:60.2,62.12 2 0
icapeg/icap-client/transport.go:48.16,50.3 1 0
icapeg/icap-client/transport.go:52.82,54.3 1 0
icapeg/icap-client/transport.go:56.84,58.3 1 0
icapeg/icap-client/transport.go:66.53,70.2 3 0
icapeg/icap-client/transport.go:73.44,79.6 3 0
icapeg/icap-client/transport.go:117.2,117.26 1 0
icapeg/icap-client/transport.go:79.6,84.17 3 0
icapeg/icap-client/transport.go:92.3,92.13 1 0
icapeg/icap-client/transport.go:97.3,98.41 2 0
icapeg/icap-client/transport.go:103.3,103.51 1 0
icapeg/icap-client/transport.go:108.3,108.55 1 0
icapeg/icap-client/transport.go:113.3,113.25 1 0
icapeg/icap-client/transport.go:84.17,85.21 1 0
icapeg/icap-client/transport.go:89.4,89.18 1 0
icapeg/icap-client/transport.go:85.21,87.10 2 0
icapeg/icap-client/transport.go:92.13,94.9 2 0
icapeg/icap-client/transport.go:98.41,100.9 2 0
icapeg/icap-client/transport.go:103.51,105.9 2 0
icapeg/icap-client/transport.go:108.55,110.9 2 0
icapeg/icap-client/transport.go:121.35,123.2 1 0
icapeg/icap-client/driver.go:23.47,28.2 1 0
icapeg/icap-client/driver.go:31.34,42.2 2 0
icapeg/icap-client/driver.go:45.64,55.2 2 0
icapeg/icap-client/driver.go:58.32,59.18 1 0
icapeg/icap-client/driver.go:64.2,64.22 1 0
icapeg/icap-client/driver.go:59.18,62.3 1 0
icapeg/icap-client/driver.go:68.42,72.16 2 0
icapeg/icap-client/driver.go:76.2,76.12 1 0
icapeg/icap-client/driver.go:72.16,74.3 1 0
icapeg/icap-client/driver.go:81.47,85.16 2 0
icapeg/icap-client/driver.go:89.2,91.16 2 0
icapeg/icap-client/driver.go:95.2,98.18 3 0
icapeg/icap-client/driver.go:85.16,87.3 1 0
icapeg/icap-client/driver.go:91.16,93.3 1 0
